2025-04-22 16:15:35,360 - INFO - Loaded config - Device: Pixel 4, Screenshots folder: screenshots, Reports folder: reports
2025-04-22 16:15:35,360 - INFO - Deleted file: screenshots\twitch_player_20250422_160846.png
2025-04-22 16:15:35,360 - INFO - All files have been deleted from screenshots.
2025-04-22 16:15:35,360 - INFO - Deleted file: reports\report.html
2025-04-22 16:15:35,360 - INFO - All files have been deleted from reports.
2025-04-22 16:15:36,752 - INFO - Driver initialized with mobile emulation for Pixel 4
2025-04-22 16:15:46,918 - INFO - Driver has been closed.
2025-04-22 16:17:13,530 - INFO - Loaded config - Device: Pixel 4, Screenshots folder: screenshots, Reports folder: reports
2025-04-22 16:17:13,530 - INFO - Deleted file: screenshots\twitch_player_20250422_161544.png
2025-04-22 16:17:13,530 - INFO - All files have been deleted from screenshots.
2025-04-22 16:17:13,530 - INFO - Deleted file: reports\report.html
2025-04-22 16:17:13,530 - INFO - All files have been deleted from reports.
2025-04-22 16:17:16,776 - INFO - Driver initialized with mobile emulation for Pixel 4
2025-04-22 16:17:28,447 - INFO - Driver has been closed.
2025-04-22 16:19:26,218 - INFO - Loaded config - Device: Pixel 4, Screenshots folder: screenshots, Reports folder: reports
2025-04-22 16:19:26,218 - INFO - Deleted file: screenshots\twitch_player_20250422_161858.png
2025-04-22 16:19:26,218 - INFO - All files have been deleted from screenshots.
2025-04-22 16:19:26,234 - INFO - Deleted file: reports\report.html
2025-04-22 16:19:26,234 - INFO - All files have been deleted from reports.
2025-04-22 16:19:27,608 - INFO - Driver initialized with mobile emulation for Pixel 4
2025-04-22 16:19:38,968 - INFO - Driver has been closed.
2025-04-22 16:22:00,242 - INFO - Loaded config - Device: Pixel 4, Screenshots folder: screenshots, Reports folder: reports
2025-04-22 16:22:00,242 - INFO - Deleted file: screenshots\twitch_player_20250422_161936.png
2025-04-22 16:22:00,242 - INFO - All files have been deleted from screenshots.
2025-04-22 16:22:00,242 - INFO - Deleted file: reports\report.html
2025-04-22 16:22:00,242 - INFO - All files have been deleted from reports.
2025-04-22 16:22:01,582 - INFO - Driver initialized with mobile emulation for Pixel 4
2025-04-22 16:22:07,389 - INFO - Driver has been closed.
2025-04-22 16:24:10,981 - INFO - Loaded config - Device: Pixel 4, Screenshots folder: screenshots, Reports folder: reports
2025-04-22 16:24:10,981 - INFO - All files have been deleted from screenshots.
2025-04-22 16:24:10,981 - INFO - Deleted file: reports\report.html
2025-04-22 16:24:10,981 - INFO - All files have been deleted from reports.
2025-04-22 16:24:12,386 - INFO - Driver initialized with mobile emulation for Pixel 4
2025-04-22 16:24:23,842 - INFO - Driver has been closed.
2025-04-22 16:25:51,897 - INFO - Loaded config - Device: Pixel 4, Screenshots folder: screenshots, Reports folder: reports
2025-04-22 16:25:51,897 - INFO - Deleted file: screenshots\twitch_player_20250422_162421.png
2025-04-22 16:25:51,897 - INFO - All files have been deleted from screenshots.
2025-04-22 16:25:51,897 - INFO - Deleted file: reports\report.html
2025-04-22 16:25:51,897 - INFO - All files have been deleted from reports.
2025-04-22 16:25:53,304 - INFO - Driver initialized with mobile emulation for Pixel 4
2025-04-22 16:26:04,922 - INFO - Driver has been closed.
